Analysis & Synthesis report for Projeto_verilog
Tue Jul 23 15:19:44 2024
Quartus Prime Version 20.1.1 Build 720 11/11/2020 SJ Lite Edition


---------------------
; Table of Contents ;
---------------------
  1. Legal Notice
  2. Analysis & Synthesis Summary
  3. Analysis & Synthesis Settings
  4. Parallel Compilation
  5. Analysis & Synthesis Source Files Read
  6. Analysis & Synthesis Resource Usage Summary
  7. Analysis & Synthesis Resource Utilization by Entity
  8. State Machine - |cronometro|contador_segundos:contador_cs|estado_atual
  9. State Machine - |cronometro|contador_segundos:contador_ds|estado_atual
 10. State Machine - |cronometro|contador_segundos:contador_us|estado_atual
 11. State Machine - |cronometro|contador_inicial:contador_ms|estado_atual
 12. Registers Removed During Synthesis
 13. General Register Statistics
 14. Inverted Register Statistics
 15. Multiplexer Restructuring Statistics (Restructuring Performed)
 16. Parameter Settings for User Entity Instance: contador_inicial:contador_ms
 17. Parameter Settings for User Entity Instance: contador_segundos:contador_us
 18. Parameter Settings for User Entity Instance: contador_segundos:contador_ds
 19. Parameter Settings for User Entity Instance: contador_segundos:contador_cs
 20. Port Connectivity Checks: "contador_segundos:contador_cs"
 21. Post-Synthesis Netlist Statistics for Top Partition
 22. Elapsed Time Per Partition
 23. Analysis & Synthesis Messages
 24. Analysis & Synthesis Suppressed Messages



----------------
; Legal Notice ;
----------------
Copyright (C) 2020  Intel Corporation. All rights reserved.
Your use of Intel Corporation's design tools, logic functions 
and other software and tools, and any partner logic 
functions, and any output files from any of the foregoing 
(including device programming or simulation files), and any 
associated documentation or information are expressly subject 
to the terms and conditions of the Intel Program License 
Subscription Agreement, the Intel Quartus Prime License Agreement,
the Intel FPGA IP License Agreement, or other applicable license
agreement, including, without limitation, that your use is for
the sole purpose of programming logic devices manufactured by
Intel and sold by Intel or its authorized distributors.  Please
refer to the applicable agreement for further details, at
https://fpgasoftware.intel.com/eula.



+----------------------------------------------------------------------------------+
; Analysis & Synthesis Summary                                                     ;
+------------------------------------+---------------------------------------------+
; Analysis & Synthesis Status        ; Successful - Tue Jul 23 15:19:44 2024       ;
; Quartus Prime Version              ; 20.1.1 Build 720 11/11/2020 SJ Lite Edition ;
; Revision Name                      ; Projeto_verilog                             ;
; Top-level Entity Name              ; cronometro                                  ;
; Family                             ; Cyclone IV E                                ;
; Total logic elements               ; 216                                         ;
;     Total combinational functions  ; 204                                         ;
;     Dedicated logic registers      ; 117                                         ;
; Total registers                    ; 117                                         ;
; Total pins                         ; 33                                          ;
; Total virtual pins                 ; 0                                           ;
; Total memory bits                  ; 0                                           ;
; Embedded Multiplier 9-bit elements ; 0                                           ;
; Total PLLs                         ; 0                                           ;
+------------------------------------+---------------------------------------------+


+------------------------------------------------------------------------------------------------------------+
; Analysis & Synthesis Settings                                                                              ;
+------------------------------------------------------------------+--------------------+--------------------+
; Option                                                           ; Setting            ; Default Value      ;
+------------------------------------------------------------------+--------------------+--------------------+
; Device                                                           ; EP4CE115F29C7      ;                    ;
; Top-level entity name                                            ; cronometro         ; Projeto_verilog    ;
; Family name                                                      ; Cyclone IV E       ; Cyclone V          ;
; Use smart compilation                                            ; Off                ; Off                ;
; Enable parallel Assembler and Timing Analyzer during compilation ; On                 ; On                 ;
; Enable compact report table                                      ; Off                ; Off                ;
; Restructure Multiplexers                                         ; Auto               ; Auto               ;
; Create Debugging Nodes for IP Cores                              ; Off                ; Off                ;
; Preserve fewer node names                                        ; On                 ; On                 ;
; Intel FPGA IP Evaluation Mode                                    ; Enable             ; Enable             ;
; Verilog Version                                                  ; Verilog_2001       ; Verilog_2001       ;
; VHDL Version                                                     ; VHDL_1993          ; VHDL_1993          ;
; State Machine Processing                                         ; Auto               ; Auto               ;
; Safe State Machine                                               ; Off                ; Off                ;
; Extract Verilog State Machines                                   ; On                 ; On                 ;
; Extract VHDL State Machines                                      ; On                 ; On                 ;
; Ignore Verilog initial constructs                                ; Off                ; Off                ;
; Iteration limit for constant Verilog loops                       ; 5000               ; 5000               ;
; Iteration limit for non-constant Verilog loops                   ; 250                ; 250                ;
; Add Pass-Through Logic to Inferred RAMs                          ; On                 ; On                 ;
; Infer RAMs from Raw Logic                                        ; On                 ; On                 ;
; Parallel Synthesis                                               ; On                 ; On                 ;
; DSP Block Balancing                                              ; Auto               ; Auto               ;
; NOT Gate Push-Back                                               ; On                 ; On                 ;
; Power-Up Don't Care                                              ; On                 ; On                 ;
; Remove Redundant Logic Cells                                     ; Off                ; Off                ;
; Remove Duplicate Registers                                       ; On                 ; On                 ;
; Ignore CARRY Buffers                                             ; Off                ; Off                ;
; Ignore CASCADE Buffers                                           ; Off                ; Off                ;
; Ignore GLOBAL Buffers                                            ; Off                ; Off                ;
; Ignore ROW GLOBAL Buffers                                        ; Off                ; Off                ;
; Ignore LCELL Buffers                                             ; Off                ; Off                ;
; Ignore SOFT Buffers                                              ; On                 ; On                 ;
; Limit AHDL Integers to 32 Bits                                   ; Off                ; Off                ;
; Optimization Technique                                           ; Balanced           ; Balanced           ;
; Carry Chain Length                                               ; 70                 ; 70                 ;
; Auto Carry Chains                                                ; On                 ; On                 ;
; Auto Open-Drain Pins                                             ; On                 ; On                 ;
; Perform WYSIWYG Primitive Resynthesis                            ; Off                ; Off                ;
; Auto ROM Replacement                                             ; On                 ; On                 ;
; Auto RAM Replacement                                             ; On                 ; On                 ;
; Auto DSP Block Replacement                                       ; On                 ; On                 ;
; Auto Shift Register Replacement                                  ; Auto               ; Auto               ;
; Allow Shift Register Merging across Hierarchies                  ; Auto               ; Auto               ;
; Auto Clock Enable Replacement                                    ; On                 ; On                 ;
; Strict RAM Replacement                                           ; Off                ; Off                ;
; Allow Synchronous Control Signals                                ; On                 ; On                 ;
; Force Use of Synchronous Clear Signals                           ; Off                ; Off                ;
; Auto RAM Block Balancing                                         ; On                 ; On                 ;
; Auto RAM to Logic Cell Conversion                                ; Off                ; Off                ;
; Auto Resource Sharing                                            ; Off                ; Off                ;
; Allow Any RAM Size For Recognition                               ; Off                ; Off                ;
; Allow Any ROM Size For Recognition                               ; Off                ; Off                ;
; Allow Any Shift Register Size For Recognition                    ; Off                ; Off                ;
; Use LogicLock Constraints during Resource Balancing              ; On                 ; On                 ;
; Ignore translate_off and synthesis_off directives                ; Off                ; Off                ;
; Timing-Driven Synthesis                                          ; On                 ; On                 ;
; Report Parameter Settings                                        ; On                 ; On                 ;
; Report Source Assignments                                        ; On                 ; On                 ;
; Report Connectivity Checks                                       ; On                 ; On                 ;
; Ignore Maximum Fan-Out Assignments                               ; Off                ; Off                ;
; Synchronization Register Chain Length                            ; 2                  ; 2                  ;
; Power Optimization During Synthesis                              ; Normal compilation ; Normal compilation ;
; HDL message level                                                ; Level2             ; Level2             ;
; Suppress Register Optimization Related Messages                  ; Off                ; Off                ;
; Number of Removed Registers Reported in Synthesis Report         ; 5000               ; 5000               ;
; Number of Swept Nodes Reported in Synthesis Report               ; 5000               ; 5000               ;
; Number of Inverted Registers Reported in Synthesis Report        ; 100                ; 100                ;
; Clock MUX Protection                                             ; On                 ; On                 ;
; Auto Gated Clock Conversion                                      ; Off                ; Off                ;
; Block Design Naming                                              ; Auto               ; Auto               ;
; SDC constraint protection                                        ; Off                ; Off                ;
; Synthesis Effort                                                 ; Auto               ; Auto               ;
; Shift Register Replacement - Allow Asynchronous Clear Signal     ; On                 ; On                 ;
; Pre-Mapping Resynthesis Optimization                             ; Off                ; Off                ;
; Analysis & Synthesis Message Level                               ; Medium             ; Medium             ;
; Disable Register Merging Across Hierarchies                      ; Auto               ; Auto               ;
; Resource Aware Inference For Block RAM                           ; On                 ; On                 ;
+------------------------------------------------------------------+--------------------+--------------------+


+------------------------------------------+
; Parallel Compilation                     ;
+----------------------------+-------------+
; Processors                 ; Number      ;
+----------------------------+-------------+
; Number detected on machine ; 16          ;
; Maximum allowed            ; 16          ;
;                            ;             ;
; Average used               ; 1.00        ;
; Maximum used               ; 16          ;
;                            ;             ;
; Usage by Processor         ; % Time Used ;
;     Processor 1            ; 100.0%      ;
;     Processors 2-16        ;   0.0%      ;
+----------------------------+-------------+


+-------------------------------------------------------------------------------------------------------------------------------------------------------------------------------------------------+
; Analysis & Synthesis Source Files Read                                                                                                                                                          ;
+----------------------------------+-----------------+------------------------+---------------------------------------------------------------------------------------------------------+---------+
; File Name with User-Entered Path ; Used in Netlist ; File Type              ; File Name with Absolute Path                                                                            ; Library ;
+----------------------------------+-----------------+------------------------+---------------------------------------------------------------------------------------------------------+---------+
; receber_input.v                  ; yes             ; User Verilog HDL File  ; D:/Users/phas2/Downloads/Cronometro_verilog-20240723T174427Z-001/Cronometro_verilog/receber_input.v     ;         ;
; display.v                        ; yes             ; User Verilog HDL File  ; D:/Users/phas2/Downloads/Cronometro_verilog-20240723T174427Z-001/Cronometro_verilog/display.v           ;         ;
; cronometro.v                     ; yes             ; User Verilog HDL File  ; D:/Users/phas2/Downloads/Cronometro_verilog-20240723T174427Z-001/Cronometro_verilog/cronometro.v        ;         ;
; contador_segundos.v              ; yes             ; User Verilog HDL File  ; D:/Users/phas2/Downloads/Cronometro_verilog-20240723T174427Z-001/Cronometro_verilog/contador_segundos.v ;         ;
; contador_inicial.v               ; yes             ; User Verilog HDL File  ; D:/Users/phas2/Downloads/Cronometro_verilog-20240723T174427Z-001/Cronometro_verilog/contador_inicial.v  ;         ;
+----------------------------------+-----------------+------------------------+---------------------------------------------------------------------------------------------------------+---------+


+-----------------------------------------------------------+
; Analysis & Synthesis Resource Usage Summary               ;
+---------------------------------------------+-------------+
; Resource                                    ; Usage       ;
+---------------------------------------------+-------------+
; Estimated Total logic elements              ; 216         ;
;                                             ;             ;
; Total combinational functions               ; 204         ;
; Logic element usage by number of LUT inputs ;             ;
;     -- 4 input functions                    ; 109         ;
;     -- 3 input functions                    ; 47          ;
;     -- <=2 input functions                  ; 48          ;
;                                             ;             ;
; Logic elements by mode                      ;             ;
;     -- normal mode                          ; 173         ;
;     -- arithmetic mode                      ; 31          ;
;                                             ;             ;
; Total registers                             ; 117         ;
;     -- Dedicated logic registers            ; 117         ;
;     -- I/O registers                        ; 0           ;
;                                             ;             ;
; I/O pins                                    ; 33          ;
;                                             ;             ;
; Embedded Multiplier 9-bit elements          ; 0           ;
;                                             ;             ;
; Maximum fan-out node                        ; clock~input ;
; Maximum fan-out                             ; 117         ;
; Total fan-out                               ; 1041        ;
; Average fan-out                             ; 2.69        ;
+---------------------------------------------+-------------+


+----------------------------------------------------------------------------------------------------------------------------------------------------------------------------------------------------------------------------------------------+
; Analysis & Synthesis Resource Utilization by Entity                                                                                                                                                                                          ;
+------------------------------------+---------------------+---------------------------+-------------+--------------+---------+-----------+------+--------------+-------------------------------------------+-------------------+--------------+
; Compilation Hierarchy Node         ; Combinational ALUTs ; Dedicated Logic Registers ; Memory Bits ; DSP Elements ; DSP 9x9 ; DSP 18x18 ; Pins ; Virtual Pins ; Full Hierarchy Name                       ; Entity Name       ; Library Name ;
+------------------------------------+---------------------+---------------------------+-------------+--------------+---------+-----------+------+--------------+-------------------------------------------+-------------------+--------------+
; |cronometro                        ; 204 (0)             ; 117 (28)                  ; 0           ; 0            ; 0       ; 0         ; 33   ; 0            ; |cronometro                               ; cronometro        ; work         ;
;    |contador_inicial:contador_ms|  ; 105 (105)           ; 44 (44)                   ; 0           ; 0            ; 0       ; 0         ; 0    ; 0            ; |cronometro|contador_inicial:contador_ms  ; contador_inicial  ; work         ;
;    |contador_segundos:contador_cs| ; 18 (18)             ; 12 (12)                   ; 0           ; 0            ; 0       ; 0         ; 0    ; 0            ; |cronometro|contador_segundos:contador_cs ; contador_segundos ; work         ;
;    |contador_segundos:contador_ds| ; 18 (18)             ; 12 (12)                   ; 0           ; 0            ; 0       ; 0         ; 0    ; 0            ; |cronometro|contador_segundos:contador_ds ; contador_segundos ; work         ;
;    |contador_segundos:contador_us| ; 18 (18)             ; 12 (12)                   ; 0           ; 0            ; 0       ; 0         ; 0    ; 0            ; |cronometro|contador_segundos:contador_us ; contador_segundos ; work         ;
;    |display:display0|              ; 7 (7)               ; 0 (0)                     ; 0           ; 0            ; 0       ; 0         ; 0    ; 0            ; |cronometro|display:display0              ; display           ; work         ;
;    |display:display1|              ; 7 (7)               ; 0 (0)                     ; 0           ; 0            ; 0       ; 0         ; 0    ; 0            ; |cronometro|display:display1              ; display           ; work         ;
;    |display:display2|              ; 7 (7)               ; 0 (0)                     ; 0           ; 0            ; 0       ; 0         ; 0    ; 0            ; |cronometro|display:display2              ; display           ; work         ;
;    |display:display3|              ; 7 (7)               ; 0 (0)                     ; 0           ; 0            ; 0       ; 0         ; 0    ; 0            ; |cronometro|display:display3              ; display           ; work         ;
;    |receber_input:entradas|        ; 17 (17)             ; 9 (9)                     ; 0           ; 0            ; 0       ; 0         ; 0    ; 0            ; |cronometro|receber_input:entradas        ; receber_input     ; work         ;
+------------------------------------+---------------------+---------------------------+-------------+--------------+---------+-----------+------+--------------+-------------------------------------------+-------------------+--------------+
Note: For table entries with two numbers listed, the numbers in parentheses indicate the number of resources of the given type used by the specific entity alone. The numbers listed outside of parentheses indicate the total resources of the given type used by the specific entity and all of its sub-entities in the hierarchy.


Encoding Type:  One-Hot
+-----------------------------------------------------------------------------------------------------------+
; State Machine - |cronometro|contador_segundos:contador_cs|estado_atual                                    ;
+---------------------+--------------------+---------------------+---------------------+--------------------+
; Name                ; estado_atual.PARAR ; estado_atual.PAUSAR ; estado_atual.CONTAR ; estado_atual.RESET ;
+---------------------+--------------------+---------------------+---------------------+--------------------+
; estado_atual.RESET  ; 0                  ; 0                   ; 0                   ; 0                  ;
; estado_atual.CONTAR ; 0                  ; 0                   ; 1                   ; 1                  ;
; estado_atual.PAUSAR ; 0                  ; 1                   ; 0                   ; 1                  ;
; estado_atual.PARAR  ; 1                  ; 0                   ; 0                   ; 1                  ;
+---------------------+--------------------+---------------------+---------------------+--------------------+


Encoding Type:  One-Hot
+-----------------------------------------------------------------------------------------------------------+
; State Machine - |cronometro|contador_segundos:contador_ds|estado_atual                                    ;
+---------------------+--------------------+---------------------+---------------------+--------------------+
; Name                ; estado_atual.PARAR ; estado_atual.PAUSAR ; estado_atual.CONTAR ; estado_atual.RESET ;
+---------------------+--------------------+---------------------+---------------------+--------------------+
; estado_atual.RESET  ; 0                  ; 0                   ; 0                   ; 0                  ;
; estado_atual.CONTAR ; 0                  ; 0                   ; 1                   ; 1                  ;
; estado_atual.PAUSAR ; 0                  ; 1                   ; 0                   ; 1                  ;
; estado_atual.PARAR  ; 1                  ; 0                   ; 0                   ; 1                  ;
+---------------------+--------------------+---------------------+---------------------+--------------------+


Encoding Type:  One-Hot
+-----------------------------------------------------------------------------------------------------------+
; State Machine - |cronometro|contador_segundos:contador_us|estado_atual                                    ;
+---------------------+--------------------+---------------------+---------------------+--------------------+
; Name                ; estado_atual.PARAR ; estado_atual.PAUSAR ; estado_atual.CONTAR ; estado_atual.RESET ;
+---------------------+--------------------+---------------------+---------------------+--------------------+
; estado_atual.RESET  ; 0                  ; 0                   ; 0                   ; 0                  ;
; estado_atual.CONTAR ; 0                  ; 0                   ; 1                   ; 1                  ;
; estado_atual.PAUSAR ; 0                  ; 1                   ; 0                   ; 1                  ;
; estado_atual.PARAR  ; 1                  ; 0                   ; 0                   ; 1                  ;
+---------------------+--------------------+---------------------+---------------------+--------------------+


Encoding Type:  One-Hot
+-----------------------------------------------------------------------------------------------------------+
; State Machine - |cronometro|contador_inicial:contador_ms|estado_atual                                     ;
+---------------------+--------------------+---------------------+---------------------+--------------------+
; Name                ; estado_atual.PARAR ; estado_atual.PAUSAR ; estado_atual.CONTAR ; estado_atual.RESET ;
+---------------------+--------------------+---------------------+---------------------+--------------------+
; estado_atual.RESET  ; 0                  ; 0                   ; 0                   ; 0                  ;
; estado_atual.CONTAR ; 0                  ; 0                   ; 1                   ; 1                  ;
; estado_atual.PAUSAR ; 0                  ; 1                   ; 0                   ; 1                  ;
; estado_atual.PARAR  ; 1                  ; 0                   ; 0                   ; 1                  ;
+---------------------+--------------------+---------------------+---------------------+--------------------+


+---------------------------------------------------------------------------------------------------------------------+
; Registers Removed During Synthesis                                                                                  ;
+---------------------------------------------------+-----------------------------------------------------------------+
; Register name                                     ; Reason for Removal                                              ;
+---------------------------------------------------+-----------------------------------------------------------------+
; contador_segundos:contador_ds|num_conta[3]        ; Merged with contador_segundos:contador_ds|num_saida_contador[3] ;
; contador_segundos:contador_ds|num_conta[2]        ; Merged with contador_segundos:contador_ds|num_saida_contador[2] ;
; contador_segundos:contador_ds|num_conta[1]        ; Merged with contador_segundos:contador_ds|num_saida_contador[1] ;
; contador_segundos:contador_ds|num_conta[0]        ; Merged with contador_segundos:contador_ds|num_saida_contador[0] ;
; contador_segundos:contador_us|num_conta[3]        ; Merged with contador_segundos:contador_us|num_saida_contador[3] ;
; contador_segundos:contador_us|num_conta[2]        ; Merged with contador_segundos:contador_us|num_saida_contador[2] ;
; contador_segundos:contador_us|num_conta[1]        ; Merged with contador_segundos:contador_us|num_saida_contador[1] ;
; contador_segundos:contador_us|num_conta[0]        ; Merged with contador_segundos:contador_us|num_saida_contador[0] ;
; contador_inicial:contador_ms|num_conta[0]         ; Merged with contador_inicial:contador_ms|num_saida_contador[0]  ;
; contador_inicial:contador_ms|num_conta[1]         ; Merged with contador_inicial:contador_ms|num_saida_contador[1]  ;
; contador_inicial:contador_ms|num_conta[2]         ; Merged with contador_inicial:contador_ms|num_saida_contador[2]  ;
; contador_inicial:contador_ms|num_conta[3]         ; Merged with contador_inicial:contador_ms|num_saida_contador[3]  ;
; contador_segundos:contador_cs|estado_atual~8      ; Lost fanout                                                     ;
; contador_segundos:contador_cs|estado_atual~9      ; Lost fanout                                                     ;
; contador_segundos:contador_cs|estado_atual~10     ; Lost fanout                                                     ;
; contador_segundos:contador_ds|estado_atual~8      ; Lost fanout                                                     ;
; contador_segundos:contador_ds|estado_atual~9      ; Lost fanout                                                     ;
; contador_segundos:contador_ds|estado_atual~10     ; Lost fanout                                                     ;
; contador_segundos:contador_us|estado_atual~8      ; Lost fanout                                                     ;
; contador_segundos:contador_us|estado_atual~9      ; Lost fanout                                                     ;
; contador_segundos:contador_us|estado_atual~10     ; Lost fanout                                                     ;
; contador_inicial:contador_ms|estado_atual~8       ; Lost fanout                                                     ;
; contador_inicial:contador_ms|estado_atual~9       ; Lost fanout                                                     ;
; contador_inicial:contador_ms|estado_atual~10      ; Lost fanout                                                     ;
; contador_segundos:contador_cs|estado_atual.CONTAR ; Merged with contador_inicial:contador_ms|estado_atual.CONTAR    ;
; contador_segundos:contador_ds|estado_atual.CONTAR ; Merged with contador_inicial:contador_ms|estado_atual.CONTAR    ;
; contador_segundos:contador_us|estado_atual.CONTAR ; Merged with contador_inicial:contador_ms|estado_atual.CONTAR    ;
; contador_segundos:contador_cs|estado_atual.PARAR  ; Merged with contador_inicial:contador_ms|estado_atual.PARAR     ;
; contador_segundos:contador_ds|estado_atual.PARAR  ; Merged with contador_inicial:contador_ms|estado_atual.PARAR     ;
; contador_segundos:contador_us|estado_atual.PARAR  ; Merged with contador_inicial:contador_ms|estado_atual.PARAR     ;
; contador_segundos:contador_cs|estado_atual.PAUSAR ; Merged with contador_inicial:contador_ms|estado_atual.PAUSAR    ;
; contador_segundos:contador_ds|estado_atual.PAUSAR ; Merged with contador_inicial:contador_ms|estado_atual.PAUSAR    ;
; contador_segundos:contador_us|estado_atual.PAUSAR ; Merged with contador_inicial:contador_ms|estado_atual.PAUSAR    ;
; contador_segundos:contador_cs|estado_atual.RESET  ; Merged with contador_inicial:contador_ms|estado_atual.RESET     ;
; contador_segundos:contador_ds|estado_atual.RESET  ; Merged with contador_inicial:contador_ms|estado_atual.RESET     ;
; contador_segundos:contador_us|estado_atual.RESET  ; Merged with contador_inicial:contador_ms|estado_atual.RESET     ;
; Total Number of Removed Registers = 36            ;                                                                 ;
+---------------------------------------------------+-----------------------------------------------------------------+


+------------------------------------------------------+
; General Register Statistics                          ;
+----------------------------------------------+-------+
; Statistic                                    ; Value ;
+----------------------------------------------+-------+
; Total registers                              ; 117   ;
; Number of registers using Synchronous Clear  ; 0     ;
; Number of registers using Synchronous Load   ; 0     ;
; Number of registers using Asynchronous Clear ; 4     ;
; Number of registers using Asynchronous Load  ; 0     ;
; Number of registers using Clock Enable       ; 70    ;
; Number of registers using Preset             ; 0     ;
+----------------------------------------------+-------+


+--------------------------------------------------+
; Inverted Register Statistics                     ;
+----------------------------------------+---------+
; Inverted Register                      ; Fan out ;
+----------------------------------------+---------+
; receber_input:entradas|apertou         ; 5       ;
; Total number of inverted registers = 1 ;         ;
+----------------------------------------+---------+


+-------------------------------------------------------------------------------------------------------------------------------------------------------------------------------+
; Multiplexer Restructuring Statistics (Restructuring Performed)                                                                                                                ;
+--------------------+-----------+---------------+----------------------+------------------------+------------+-----------------------------------------------------------------+
; Multiplexer Inputs ; Bus Width ; Baseline Area ; Area if Restructured ; Saving if Restructured ; Registered ; Example Multiplexer Output                                      ;
+--------------------+-----------+---------------+----------------------+------------------------+------------+-----------------------------------------------------------------+
; 4:1                ; 4 bits    ; 8 LEs         ; 8 LEs                ; 0 LEs                  ; Yes        ; |cronometro|contador_segundos:contador_cs|num_saida_display[3]  ;
; 4:1                ; 4 bits    ; 8 LEs         ; 4 LEs                ; 4 LEs                  ; Yes        ; |cronometro|contador_segundos:contador_cs|num_conta[2]          ;
; 4:1                ; 4 bits    ; 8 LEs         ; 8 LEs                ; 0 LEs                  ; Yes        ; |cronometro|contador_segundos:contador_ds|num_saida_display[3]  ;
; 4:1                ; 4 bits    ; 8 LEs         ; 4 LEs                ; 4 LEs                  ; Yes        ; |cronometro|contador_segundos:contador_ds|num_saida_contador[3] ;
; 4:1                ; 4 bits    ; 8 LEs         ; 8 LEs                ; 0 LEs                  ; Yes        ; |cronometro|contador_segundos:contador_us|num_saida_display[3]  ;
; 4:1                ; 4 bits    ; 8 LEs         ; 4 LEs                ; 4 LEs                  ; Yes        ; |cronometro|contador_segundos:contador_us|num_saida_contador[3] ;
; 4:1                ; 4 bits    ; 8 LEs         ; 8 LEs                ; 0 LEs                  ; Yes        ; |cronometro|contador_inicial:contador_ms|num_saida_display[1]   ;
; 4:1                ; 4 bits    ; 8 LEs         ; 4 LEs                ; 4 LEs                  ; Yes        ; |cronometro|contador_inicial:contador_ms|num_saida_contador[2]  ;
; 5:1                ; 4 bits    ; 12 LEs        ; 8 LEs                ; 4 LEs                  ; Yes        ; |cronometro|receber_input:entradas|contarC                      ;
; 4:1                ; 32 bits   ; 64 LEs        ; 32 LEs               ; 32 LEs                 ; Yes        ; |cronometro|contador_inicial:contador_ms|count[13]              ;
; 13:1               ; 4 bits    ; 32 LEs        ; 28 LEs               ; 4 LEs                  ; No         ; |cronometro|contador_segundos:contador_cs|Selector0             ;
; 13:1               ; 4 bits    ; 32 LEs        ; 28 LEs               ; 4 LEs                  ; No         ; |cronometro|contador_segundos:contador_ds|Selector3             ;
; 13:1               ; 4 bits    ; 32 LEs        ; 28 LEs               ; 4 LEs                  ; No         ; |cronometro|contador_segundos:contador_us|Selector1             ;
; 13:1               ; 4 bits    ; 32 LEs        ; 28 LEs               ; 4 LEs                  ; No         ; |cronometro|contador_inicial:contador_ms|Selector3              ;
+--------------------+-----------+---------------+----------------------+------------------------+------------+-----------------------------------------------------------------+


+---------------------------------------------------------------------------+
; Parameter Settings for User Entity Instance: contador_inicial:contador_ms ;
+----------------+---------+------------------------------------------------+
; Parameter Name ; Value   ; Type                                           ;
+----------------+---------+------------------------------------------------+
; RESET          ; 000     ; Unsigned Binary                                ;
; CONTAR         ; 001     ; Unsigned Binary                                ;
; PAUSAR         ; 010     ; Unsigned Binary                                ;
; PARAR          ; 011     ; Unsigned Binary                                ;
; delay_ms       ; 5000000 ; Signed Integer                                 ;
+----------------+---------+------------------------------------------------+
Note: In order to hide this table in the UI and the text report file, please set the "Show Parameter Settings in Synthesis Report" option in "Analysis and Synthesis Settings -> More Settings" to "Off".


+----------------------------------------------------------------------------+
; Parameter Settings for User Entity Instance: contador_segundos:contador_us ;
+----------------+-------+---------------------------------------------------+
; Parameter Name ; Value ; Type                                              ;
+----------------+-------+---------------------------------------------------+
; RESET          ; 000   ; Unsigned Binary                                   ;
; CONTAR         ; 001   ; Unsigned Binary                                   ;
; PAUSAR         ; 010   ; Unsigned Binary                                   ;
; PARAR          ; 011   ; Unsigned Binary                                   ;
+----------------+-------+---------------------------------------------------+
Note: In order to hide this table in the UI and the text report file, please set the "Show Parameter Settings in Synthesis Report" option in "Analysis and Synthesis Settings -> More Settings" to "Off".


+----------------------------------------------------------------------------+
; Parameter Settings for User Entity Instance: contador_segundos:contador_ds ;
+----------------+-------+---------------------------------------------------+
; Parameter Name ; Value ; Type                                              ;
+----------------+-------+---------------------------------------------------+
; RESET          ; 000   ; Unsigned Binary                                   ;
; CONTAR         ; 001   ; Unsigned Binary                                   ;
; PAUSAR         ; 010   ; Unsigned Binary                                   ;
; PARAR          ; 011   ; Unsigned Binary                                   ;
+----------------+-------+---------------------------------------------------+
Note: In order to hide this table in the UI and the text report file, please set the "Show Parameter Settings in Synthesis Report" option in "Analysis and Synthesis Settings -> More Settings" to "Off".


+----------------------------------------------------------------------------+
; Parameter Settings for User Entity Instance: contador_segundos:contador_cs ;
+----------------+-------+---------------------------------------------------+
; Parameter Name ; Value ; Type                                              ;
+----------------+-------+---------------------------------------------------+
; RESET          ; 000   ; Unsigned Binary                                   ;
; CONTAR         ; 001   ; Unsigned Binary                                   ;
; PAUSAR         ; 010   ; Unsigned Binary                                   ;
; PARAR          ; 011   ; Unsigned Binary                                   ;
+----------------+-------+---------------------------------------------------+
Note: In order to hide this table in the UI and the text report file, please set the "Show Parameter Settings in Synthesis Report" option in "Analysis and Synthesis Settings -> More Settings" to "Off".


+------------------------------------------------------------------------------------------------------------------------------+
; Port Connectivity Checks: "contador_segundos:contador_cs"                                                                    ;
+--------------------+--------+----------+-------------------------------------------------------------------------------------+
; Port               ; Type   ; Severity ; Details                                                                             ;
+--------------------+--------+----------+-------------------------------------------------------------------------------------+
; num_saida_contador ; Output ; Info     ; Connected to dangling logic. Logic that only feeds a dangling port will be removed. ;
+--------------------+--------+----------+-------------------------------------------------------------------------------------+


+-----------------------------------------------------+
; Post-Synthesis Netlist Statistics for Top Partition ;
+-----------------------+-----------------------------+
; Type                  ; Count                       ;
+-----------------------+-----------------------------+
; boundary_port         ; 33                          ;
; cycloneiii_ff         ; 117                         ;
;     CLR               ; 2                           ;
;     ENA               ; 68                          ;
;     ENA CLR           ; 2                           ;
;     plain             ; 45                          ;
; cycloneiii_lcell_comb ; 204                         ;
;     arith             ; 31                          ;
;         2 data inputs ; 31                          ;
;     normal            ; 173                         ;
;         1 data inputs ; 1                           ;
;         2 data inputs ; 16                          ;
;         3 data inputs ; 47                          ;
;         4 data inputs ; 109                         ;
;                       ;                             ;
; Max LUT depth         ; 13.40                       ;
; Average LUT depth     ; 6.47                        ;
+-----------------------+-----------------------------+


+-------------------------------+
; Elapsed Time Per Partition    ;
+----------------+--------------+
; Partition Name ; Elapsed Time ;
+----------------+--------------+
; Top            ; 00:00:00     ;
+----------------+--------------+


+-------------------------------+
; Analysis & Synthesis Messages ;
+-------------------------------+
Info: *******************************************************************
Info: Running Quartus Prime Analysis & Synthesis
    Info: Version 20.1.1 Build 720 11/11/2020 SJ Lite Edition
    Info: Processing started: Tue Jul 23 15:19:34 2024
Info: Command: quartus_map --read_settings_files=on --write_settings_files=off Projeto_verilog -c Projeto_verilog
Warning (18236): Number of processors has not been specified which may cause overloading on shared machines.  Set the global assignment NUM_PARALLEL_PROCESSORS in your QSF to an appropriate value for best performance.
Info (20030): Parallel compilation is enabled and will use 16 of the 16 processors detected
Info (12021): Found 1 design units, including 1 entities, in source file receber_input.v
    Info (12023): Found entity 1: receber_input File: D:/Users/phas2/Downloads/Cronometro_verilog-20240723T174427Z-001/Cronometro_verilog/receber_input.v Line: 1
Info (12021): Found 1 design units, including 1 entities, in source file display.v
    Info (12023): Found entity 1: display File: D:/Users/phas2/Downloads/Cronometro_verilog-20240723T174427Z-001/Cronometro_verilog/display.v Line: 1
Info (12021): Found 1 design units, including 1 entities, in source file cronometro.v
    Info (12023): Found entity 1: cronometro File: D:/Users/phas2/Downloads/Cronometro_verilog-20240723T174427Z-001/Cronometro_verilog/cronometro.v Line: 1
Info (12021): Found 1 design units, including 1 entities, in source file contador_segundos.v
    Info (12023): Found entity 1: contador_segundos File: D:/Users/phas2/Downloads/Cronometro_verilog-20240723T174427Z-001/Cronometro_verilog/contador_segundos.v Line: 1
Info (12021): Found 1 design units, including 1 entities, in source file contador_inicial.v
    Info (12023): Found entity 1: contador_inicial File: D:/Users/phas2/Downloads/Cronometro_verilog-20240723T174427Z-001/Cronometro_verilog/contador_inicial.v Line: 1
Info (12127): Elaborating entity "cronometro" for the top level hierarchy
Info (12128): Elaborating entity "receber_input" for hierarchy "receber_input:entradas" File: D:/Users/phas2/Downloads/Cronometro_verilog-20240723T174427Z-001/Cronometro_verilog/cronometro.v Line: 21
Info (12128): Elaborating entity "contador_inicial" for hierarchy "contador_inicial:contador_ms" File: D:/Users/phas2/Downloads/Cronometro_verilog-20240723T174427Z-001/Cronometro_verilog/cronometro.v Line: 32
Warning (10230): Verilog HDL assignment warning at contador_inicial.v(59): truncated value with size 32 to match size of target (4) File: D:/Users/phas2/Downloads/Cronometro_verilog-20240723T174427Z-001/Cronometro_verilog/contador_inicial.v Line: 59
Warning (10230): Verilog HDL assignment warning at contador_inicial.v(71): truncated value with size 32 to match size of target (4) File: D:/Users/phas2/Downloads/Cronometro_verilog-20240723T174427Z-001/Cronometro_verilog/contador_inicial.v Line: 71
Info (12128): Elaborating entity "contador_segundos" for hierarchy "contador_segundos:contador_us" File: D:/Users/phas2/Downloads/Cronometro_verilog-20240723T174427Z-001/Cronometro_verilog/cronometro.v Line: 43
Warning (10230): Verilog HDL assignment warning at contador_segundos.v(60): truncated value with size 32 to match size of target (4) File: D:/Users/phas2/Downloads/Cronometro_verilog-20240723T174427Z-001/Cronometro_verilog/contador_segundos.v Line: 60
Warning (10230): Verilog HDL assignment warning at contador_segundos.v(70): truncated value with size 32 to match size of target (4) File: D:/Users/phas2/Downloads/Cronometro_verilog-20240723T174427Z-001/Cronometro_verilog/contador_segundos.v Line: 70
Info (12128): Elaborating entity "display" for hierarchy "display:display0" File: D:/Users/phas2/Downloads/Cronometro_verilog-20240723T174427Z-001/Cronometro_verilog/cronometro.v Line: 70
Info (286030): Timing-Driven Synthesis is running
Info (17049): 12 registers lost all their fanouts during netlist optimizations.
Info (144001): Generated suppressed messages file D:/Users/phas2/Downloads/Cronometro_verilog-20240723T174427Z-001/Cronometro_verilog/output_files/Projeto_verilog.map.smsg
Info (16010): Generating hard_block partition "hard_block:auto_generated_inst"
    Info (16011): Adding 0 node(s), including 0 DDIO, 0 PLL, 0 transceiver and 0 LCELL
Info (21057): Implemented 252 device resources after synthesis - the final resource count might be different
    Info (21058): Implemented 5 input pins
    Info (21059): Implemented 28 output pins
    Info (21061): Implemented 219 logic cells
Info: Quartus Prime Analysis & Synthesis was successful. 0 errors, 6 warnings
    Info: Peak virtual memory: 4843 megabytes
    Info: Processing ended: Tue Jul 23 15:19:44 2024
    Info: Elapsed time: 00:00:10
    Info: Total CPU time (on all processors): 00:00:18


+------------------------------------------+
; Analysis & Synthesis Suppressed Messages ;
+------------------------------------------+
The suppressed messages can be found in D:/Users/phas2/Downloads/Cronometro_verilog-20240723T174427Z-001/Cronometro_verilog/output_files/Projeto_verilog.map.smsg.


